app/build/outputs/logs/manifest-merger-debug-report.txt
-- Merging decision tree log ---
manifest
ADDED from src\main\AndroidManifest.xml:2:1-45:12
	xmlns:android
		ADDED from src\main\AndroidManifest.xml:2:11-69
	package
		ADDED from src\main\AndroidManifest.xml:3:5-50
		INJECTED from src\main\AndroidManifest.xml
		INJECTED from src\main\AndroidManifest.xml
	android:versionName
		ADDED from src\main\AndroidManifest.xml:5:5-30
		INJECTED from src\main\AndroidManifest.xml
		INJECTED from src\main\AndroidManifest.xml
	android:versionCode
		ADDED from src\main\AndroidManifest.xml:4:5-28
		INJECTED from src\main\AndroidManifest.xml
		INJECTED from src\main\AndroidManifest.xml
application
ADDED from src\main\AndroidManifest.xml:7:5-43:19
MERGED from [com.android.support:appcompat-v7:23.1.1] AndroidManifest.xml:22:5-20
MERGED from [com.android.support:support-v4:23.1.1] AndroidManifest.xml:22:5-20
MERGED from [com.android.support:design:23.1.1] AndroidManifest.xml:22:5-20
MERGED from [com.android.support:appcompat-v7:23.1.1] AndroidManifest.xml:22:5-20
MERGED from [com.android.support:support-v4:23.1.1] AndroidManifest.xml:22:5-20
MERGED from [com.android.support:support-v4:23.1.1] AndroidManifest.xml:22:5-20
MERGED from [com.android.support:support-v4:23.1.1] AndroidManifest.xml:22:5-20
MERGED from [com.android.support:support-v4:23.1.1] AndroidManifest.xml:22:5-20
MERGED from [com.android.support:support-v4:23.1.1] AndroidManifest.xml:22:5-20
	android:supportsRtl
		ADDED from src\main\AndroidManifest.xml:11:9-35
	android:label
		ADDED from src\main\AndroidManifest.xml:10:9-41
	android:allowBackup
		ADDED from src\main\AndroidManifest.xml:8:9-35
	android:icon
		ADDED from src\main\AndroidManifest.xml:9:9-43
	android:theme
		ADDED from src\main\AndroidManifest.xml:12:9-40
activity#reddog0051.com.hangoutsspellchecker.MainActivity
ADDED from src\main\AndroidManifest.xml:13:9-23:20
	android:label
		ADDED from src\main\AndroidManifest.xml:16:13-45
	android:configChanges
		ADDED from src\main\AndroidManifest.xml:15:13-59
	android:theme
		ADDED from src\main\AndroidManifest.xml:17:13-56
	android:name
		ADDED from src\main\AndroidManifest.xml:14:13-41
intent-filter#android.intent.action.MAIN+android.intent.category.LAUNCHER
ADDED from src\main\AndroidManifest.xml:18:13-22:29
action#android.intent.action.MAIN
ADDED from src\main\AndroidManifest.xml:19:17-69
	android:name
		ADDED from src\main\AndroidManifest.xml:19:25-66
category#android.intent.category.LAUNCHER
ADDED from src\main\AndroidManifest.xml:21:17-77
	android:name
		ADDED from src\main\AndroidManifest.xml:21:27-74
activity#reddog0051.com.hangoutsspellchecker.SettingsActivity
ADDED from src\main\AndroidManifest.xml:24:9-31:20
	android:label
		ADDED from src\main\AndroidManifest.xml:26:13-60
	android:parentActivityName
		ADDED from src\main\AndroidManifest.xml:27:13-55
	android:name
		ADDED from src\main\AndroidManifest.xml:25:13-45
meta-data#android.support.PARENT_ACTIVITY
ADDED from src\main\AndroidManifest.xml:28:13-30:84
	android:name
		ADDED from src\main\AndroidManifest.xml:29:17-63
	android:value
		ADDED from src\main\AndroidManifest.xml:30:17-81
service#reddog0051.com.hangoutsspellchecker.NotificationListener
ADDED from src\main\AndroidManifest.xml:33:9-42:19
	android:label
		ADDED from src\main\AndroidManifest.xml:37:13-45
	android:exported
		ADDED from src\main\AndroidManifest.xml:36:13-37
	android:enabled
		ADDED from src\main\AndroidManifest.xml:35:13-35
	android:permission
		ADDED from src\main\AndroidManifest.xml:38:13-87
	android:name
		ADDED from src\main\AndroidManifest.xml:34:13-49
intent-filter#android.service.notification.NotificationListenerService
ADDED from src\main\AndroidManifest.xml:39:13-41:29
action#android.service.notification.NotificationListenerService
ADDED from src\main\AndroidManifest.xml:40:17-99
	android:name
		ADDED from src\main\AndroidManifest.xml:40:25-96
uses-sdk
INJECTED from src\main\AndroidManifest.xml reason: use-sdk injection requested
MERGED from [com.android.support:appcompat-v7:23.1.1] AndroidManifest.xml:20:5-43
MERGED from [com.android.support:support-v4:23.1.1] AndroidManifest.xml:20:5-43
MERGED from [com.android.support:design:23.1.1] AndroidManifest.xml:20:5-43
MERGED from [com.android.support:appcompat-v7:23.1.1] AndroidManifest.xml:20:5-43
MERGED from [com.android.support:support-v4:23.1.1] AndroidManifest.xml:20:5-43
MERGED from [com.android.support:recyclerview-v7:23.1.1] AndroidManifest.xml:20:5-43
MERGED from [com.android.support:support-v4:23.1.1] AndroidManifest.xml:20:5-43
MERGED from [com.android.support:support-v4:23.1.1] AndroidManifest.xml:20:5-43
MERGED from [com.android.support:support-v4:23.1.1] AndroidManifest.xml:20:5-43
MERGED from [com.bignerdranch.android:expandablerecyclerview:2.1.0] AndroidManifest.xml:7:5-9:41
MERGED from [com.android.support:recyclerview-v7:23.1.1] AndroidManifest.xml:20:5-43
MERGED from [com.android.support:support-v4:23.1.1] AndroidManifest.xml:20:5-43
	android:targetSdkVersion
		INJECTED from src\main\AndroidManifest.xml
		INJECTED from src\main\AndroidManifest.xml
	android:minSdkVersion
		INJECTED from src\main\AndroidManifest.xml
		INJECTED from src\main\AndroidManifest.xml